[2020-11-03 12:50:22,767] SEVERE {b7a.log.crash} - class io.ballerina.compiler.syntax.tree.ErrorBindingPatternNode cannot be cast to class io.ballerina.compiler.syntax.tree.CaptureBindingPatternNode (io.ballerina.compiler.syntax.tree.ErrorBindingPatternNode and io.ballerina.compiler.syntax.tree.CaptureBindingPatternNode are in unnamed module of loader 'app') 
java.lang.ClassCastException: class io.ballerina.compiler.syntax.tree.ErrorBindingPatternNode cannot be cast to class io.ballerina.compiler.syntax.tree.CaptureBindingPatternNode (io.ballerina.compiler.syntax.tree.ErrorBindingPatternNode and io.ballerina.compiler.syntax.tree.CaptureBindingPatternNode are in unnamed module of loader 'app')
	at org.wso2.ballerinalang.compiler.parser.BLangNodeTransformer.transform(BLangNodeTransformer.java:545)
	at org.wso2.ballerinalang.compiler.parser.BLangNodeTransformer.transform(BLangNodeTransformer.java:436)
	at io.ballerina.compiler.syntax.tree.ModuleVariableDeclarationNode.apply(ModuleVariableDeclarationNode.java:67)
	at org.wso2.ballerinalang.compiler.parser.BLangNodeTransformer.transform(BLangNodeTransformer.java:530)
	at org.wso2.ballerinalang.compiler.parser.BLangNodeTransformer.transform(BLangNodeTransformer.java:436)
	at io.ballerina.compiler.syntax.tree.ModulePartNode.apply(ModulePartNode.java:54)
	at org.wso2.ballerinalang.compiler.parser.BLangNodeTransformer.accept(BLangNodeTransformer.java:460)
	at org.wso2.ballerinalang.compiler.parser.Parser.generateCompilationUnitNew(Parser.java:121)
	at org.wso2.ballerinalang.compiler.parser.Parser.parse(Parser.java:94)
	at org.wso2.ballerinalang.compiler.PackageLoader.parse(PackageLoader.java:487)
	at org.wso2.ballerinalang.compiler.PackageLoader.loadEntryPackage(PackageLoader.java:374)
	at org.wso2.ballerinalang.compiler.Compiler.compilePackages(Compiler.java:166)
	at org.wso2.ballerinalang.compiler.Compiler.compilePackages(Compiler.java:147)
	at org.ballerinalang.packerina.task.CompileTask.execute(CompileTask.java:66)
	at org.ballerinalang.packerina.TaskExecutor.executeTasks(TaskExecutor.java:38)
	at org.ballerinalang.packerina.cmd.BuildCommand.execute(BuildCommand.java:435)
	at java.base/java.util.Optional.ifPresent(Unknown Source)
	at org.ballerinalang.tool.Main.main(Main.java:57)
 
[2020-11-03 12:50:54,220] SEVERE {b7a.log.crash} - class io.ballerina.compiler.syntax.tree.ErrorBindingPatternNode cannot be cast to class io.ballerina.compiler.syntax.tree.CaptureBindingPatternNode (io.ballerina.compiler.syntax.tree.ErrorBindingPatternNode and io.ballerina.compiler.syntax.tree.CaptureBindingPatternNode are in unnamed module of loader 'app') 
java.lang.ClassCastException: class io.ballerina.compiler.syntax.tree.ErrorBindingPatternNode cannot be cast to class io.ballerina.compiler.syntax.tree.CaptureBindingPatternNode (io.ballerina.compiler.syntax.tree.ErrorBindingPatternNode and io.ballerina.compiler.syntax.tree.CaptureBindingPatternNode are in unnamed module of loader 'app')
	at org.wso2.ballerinalang.compiler.parser.BLangNodeTransformer.transform(BLangNodeTransformer.java:545)
	at org.wso2.ballerinalang.compiler.parser.BLangNodeTransformer.transform(BLangNodeTransformer.java:436)
	at io.ballerina.compiler.syntax.tree.ModuleVariableDeclarationNode.apply(ModuleVariableDeclarationNode.java:67)
	at org.wso2.ballerinalang.compiler.parser.BLangNodeTransformer.transform(BLangNodeTransformer.java:530)
	at org.wso2.ballerinalang.compiler.parser.BLangNodeTransformer.transform(BLangNodeTransformer.java:436)
	at io.ballerina.compiler.syntax.tree.ModulePartNode.apply(ModulePartNode.java:54)
	at org.wso2.ballerinalang.compiler.parser.BLangNodeTransformer.accept(BLangNodeTransformer.java:460)
	at org.wso2.ballerinalang.compiler.parser.Parser.generateCompilationUnitNew(Parser.java:121)
	at org.wso2.ballerinalang.compiler.parser.Parser.parse(Parser.java:94)
	at org.wso2.ballerinalang.compiler.PackageLoader.parse(PackageLoader.java:487)
	at org.wso2.ballerinalang.compiler.PackageLoader.loadEntryPackage(PackageLoader.java:374)
	at org.wso2.ballerinalang.compiler.Compiler.compilePackages(Compiler.java:166)
	at org.wso2.ballerinalang.compiler.Compiler.compilePackages(Compiler.java:147)
	at org.ballerinalang.packerina.task.CompileTask.execute(CompileTask.java:66)
	at org.ballerinalang.packerina.TaskExecutor.executeTasks(TaskExecutor.java:38)
	at org.ballerinalang.packerina.cmd.BuildCommand.execute(BuildCommand.java:435)
	at java.base/java.util.Optional.ifPresent(Unknown Source)
	at org.ballerinalang.tool.Main.main(Main.java:57)
 
